[10/21 09:04:47] display all the hyper-parameters in args:
[10/21 09:04:47] opt: sgd
[10/21 09:04:47] lr: 0.1
[10/21 09:04:47] gamma: 0.1
[10/21 09:04:47] epoch: 500
[10/21 09:04:47] stage: 2
[10/21 09:04:47] weight_decay: 0.001
[10/21 09:04:47] gpu: 1
[10/21 09:04:47] seed: 42
[10/21 09:04:47] val_epoch: 40
[10/21 09:04:47] resnet: False
[10/21 09:04:47] ------------------------
[10/21 09:04:49] start training!
[10/21 09:06:01] 
[10/21 09:06:01] epoch 40/1000, iter 480:
[10/21 09:06:01] train_acc: 13.944
[10/21 09:06:02] val_acc: 11.200
[10/21 09:06:02] BEST!
[10/21 09:07:14] 
[10/21 09:07:14] epoch 80/1000, iter 960:
[10/21 09:07:14] train_acc: 23.778
[10/21 09:07:15] val_acc: 15.900
[10/21 09:07:15] BEST!
[10/21 09:08:28] 
[10/21 09:08:28] epoch 120/1000, iter 1440:
[10/21 09:08:28] train_acc: 37.333
[10/21 09:08:28] val_acc: 27.050
[10/21 09:08:28] BEST!
[10/21 09:09:42] 
[10/21 09:09:42] epoch 160/1000, iter 1920:
[10/21 09:09:42] train_acc: 53.111
[10/21 09:09:42] val_acc: 35.100
[10/21 09:09:42] BEST!
[10/21 09:10:55] 
[10/21 09:10:55] epoch 200/1000, iter 2400:
[10/21 09:10:55] train_acc: 59.417
[10/21 09:10:56] val_acc: 38.250
[10/21 09:10:56] BEST!
[10/21 09:12:09] 
[10/21 09:12:09] epoch 240/1000, iter 2880:
[10/21 09:12:09] train_acc: 64.278
[10/21 09:12:10] val_acc: 39.400
[10/21 09:12:10] BEST!
[10/21 09:13:23] 
[10/21 09:13:23] epoch 280/1000, iter 3360:
[10/21 09:13:23] train_acc: 71.278
[10/21 09:13:24] val_acc: 41.600
[10/21 09:13:24] BEST!
[10/21 09:14:37] 
[10/21 09:14:37] epoch 320/1000, iter 3840:
[10/21 09:14:37] train_acc: 75.583
[10/21 09:14:38] val_acc: 44.100
[10/21 09:14:38] BEST!
[10/21 09:15:51] 
[10/21 09:15:51] epoch 360/1000, iter 4320:
[10/21 09:15:51] train_acc: 75.694
[10/21 09:15:52] val_acc: 42.150
[10/21 09:17:05] 
[10/21 09:17:05] epoch 400/1000, iter 4800:
[10/21 09:17:05] train_acc: 76.667
[10/21 09:17:06] val_acc: 42.850
[10/21 09:18:19] 
[10/21 09:18:19] epoch 440/1000, iter 5280:
[10/21 09:18:19] train_acc: 76.139
[10/21 09:18:19] val_acc: 43.100
[10/21 09:19:33] 
[10/21 09:19:33] epoch 480/1000, iter 5760:
[10/21 09:19:33] train_acc: 76.528
[10/21 09:19:33] val_acc: 45.950
[10/21 09:19:33] BEST!
[10/21 09:20:46] 
[10/21 09:20:46] epoch 520/1000, iter 6240:
[10/21 09:20:46] train_acc: 93.972
[10/21 09:20:47] val_acc: 52.750
[10/21 09:20:47] BEST!
[10/21 09:22:00] 
[10/21 09:22:00] epoch 560/1000, iter 6720:
[10/21 09:22:00] train_acc: 95.639
[10/21 09:22:01] val_acc: 52.150
[10/21 09:23:15] 
[10/21 09:23:15] epoch 600/1000, iter 7200:
[10/21 09:23:15] train_acc: 97.361
[10/21 09:23:15] val_acc: 51.450
[10/21 09:24:28] 
[10/21 09:24:28] epoch 640/1000, iter 7680:
[10/21 09:24:28] train_acc: 97.667
[10/21 09:24:29] val_acc: 50.950
[10/21 09:25:42] 
[10/21 09:25:42] epoch 680/1000, iter 8160:
[10/21 09:25:42] train_acc: 98.111
[10/21 09:25:43] val_acc: 49.150
[10/21 09:26:56] 
[10/21 09:26:56] epoch 720/1000, iter 8640:
[10/21 09:26:56] train_acc: 98.611
[10/21 09:26:57] val_acc: 48.900
[10/21 09:28:10] 
[10/21 09:28:10] epoch 760/1000, iter 9120:
[10/21 09:28:10] train_acc: 98.889
[10/21 09:28:11] val_acc: 48.000
[10/21 09:29:24] 
[10/21 09:29:24] epoch 800/1000, iter 9600:
[10/21 09:29:24] train_acc: 99.333
[10/21 09:29:25] val_acc: 47.800
[10/21 09:30:38] 
[10/21 09:30:38] epoch 840/1000, iter 10080:
[10/21 09:30:38] train_acc: 99.083
[10/21 09:30:38] val_acc: 47.850
[10/21 09:31:51] 
[10/21 09:31:51] epoch 880/1000, iter 10560:
[10/21 09:31:51] train_acc: 99.222
[10/21 09:31:52] val_acc: 48.500
[10/21 09:33:05] 
[10/21 09:33:05] epoch 920/1000, iter 11040:
[10/21 09:33:05] train_acc: 99.556
[10/21 09:33:06] val_acc: 48.350
[10/21 09:34:19] 
[10/21 09:34:19] epoch 960/1000, iter 11520:
[10/21 09:34:19] train_acc: 99.583
[10/21 09:34:20] val_acc: 47.950
[10/21 09:35:33] 
[10/21 09:35:33] epoch 1000/1000, iter 12000:
[10/21 09:35:33] train_acc: 99.500
[10/21 09:35:34] val_acc: 48.300
[10/21 09:35:34] training finished!
[10/21 09:35:34] ------------------------
[10/21 09:35:34] the best epoch is 520/1000
[10/21 09:35:34] the best val acc is 52.750
[10/21 09:35:34] ------------------------
[10/21 09:35:34] evaluating:
[10/21 09:35:35] the final test acc is 53.200
[10/21 09:36:14] 25-way-1-shot acc: 25.19	0.29
[10/21 09:37:04] 25-way-5-shot acc: 44.98	0.22
